
> new_realtore@0.1.0 start C:\Users\karam\Desktop\realtore\client
> react-scripts start

[34mi[39m [90m｢wds｣[39m: Project is running at http://192.168.0.71/
[34mi[39m [90m｢wds｣[39m: webpack output is served from /
[34mi[39m [90m｢wds｣[39m: Content not from webpack is served from C:\Users\karam\Desktop\realtore\client\public
[34mi[39m [90m｢wds｣[39m: 404s will fallback to /index.html
Starting the development server...

Compiled with warnings.

./src/new_componenet/homePage/bigImgSection/bigImgSection.jsx
  Line 106:5:  'input_style' is assigned a value but never used  no-unused-vars

./src/new_componenet/homePage/homepagegallary.jsx
  Line 11:5:   Useless constructor                          no-useless-constructor
  Line 56:61:  Unexpected string concatenation of literals  no-useless-concat

./src/new_componenet/gallary/gallary.jsx
  Line 11:5:   Useless constructor                          no-useless-constructor
  Line 58:61:  Unexpected string concatenation of literals  no-useless-concat

./src/new_componenet/form/form.jsx
  Line 12:23:   'getcitys' is defined but never used                                                                       no-unused-vars
  Line 12:32:   'getcountrys' is defined but never used                                                                    no-unused-vars
  Line 55:9:    Do not mutate state directly. Use setState()                                                               react/no-direct-mutation-state
  Line 78:36:   Expected '===' and instead saw '=='                                                                        eqeqeq
  Line 100:42:  img elements must have an alt prop, either with meaningful text, or an empty string for decorative images  jsx-a11y/alt-text
  Line 140:33:  Imported JSX component Price_btn must be in PascalCase or SCREAMING_SNAKE_CASE                             react/jsx-pascal-case
  Line 141:55:  Expected '===' and instead saw '=='                                                                        eqeqeq
  Line 146:49:  Expected '===' and instead saw '=='                                                                        eqeqeq
  Line 151:55:  Expected '===' and instead saw '=='                                                                        eqeqeq
  Line 156:55:  Expected '===' and instead saw '=='                                                                        eqeqeq
  Line 171:33:  Imported JSX component Price_btn must be in PascalCase or SCREAMING_SNAKE_CASE                             react/jsx-pascal-case
  Line 175:58:  Expected '===' and instead saw '=='                                                                        eqeqeq
  Line 192:50:  Expected '===' and instead saw '=='                                                                        eqeqeq
  Line 205:47:  Expected '===' and instead saw '=='                                                                        eqeqeq
  Line 214:47:  Expected '===' and instead saw '=='                                                                        eqeqeq

./src/new_componenet/header copy/popup/popup.jsx
  Line 16:46:   Expected '!==' and instead saw '!='                                                                        eqeqeq
  Line 16:72:   Expected '!==' and instead saw '!='                                                                        eqeqeq
  Line 16:104:  Expected '!==' and instead saw '!='                                                                        eqeqeq
  Line 16:146:  Expected '!==' and instead saw '!='                                                                        eqeqeq
  Line 71:29:   img elements must have an alt prop, either with meaningful text, or an empty string for decorative images  jsx-a11y/alt-text

./src/new_componenet/header copy/header_right_side/iphone_hiddin_box_elemnt.jsx
  Line 19:70:  Expected to return a value at the end of arrow function                                                    array-callback-return
  Line 50:17:  img elements must have an alt prop, either with meaningful text, or an empty string for decorative images  jsx-a11y/alt-text

./src/new_componenet/homePage/footerlists/footerlist.jsx
  Line 21:37:  img elements must have an alt prop, either with meaningful text, or an empty string for decorative images  jsx-a11y/alt-text

./src/new_componenet/header copy/header_right_side/headerrightside.jsx
  Line 38:21:  The href attribute is required for an anchor to be keyboard accessible. Provide a valid, navigable address as the href value. If you cannot provide an href, but still need the element to resemble a link, use a button and change it with appropriate styles. Learn more: https://github.com/evcohen/eslint-plugin-jsx-a11y/blob/master/docs/rules/anchor-is-valid.md  jsx-a11y/anchor-is-valid
  Line 56:48:  Expected '!==' and instead saw '!='                                                                                                                                                                                                                                                                                                                                      eqeqeq

./src/new_componenet/homePage/bigadvertise/bigAdvertise.jsx
  Line 3:10:   'reverse' is defined but never used                                                                        no-unused-vars
  Line 20:17:  img elements must have an alt prop, either with meaningful text, or an empty string for decorative images  jsx-a11y/alt-text

./src/new_componenet/form/status/status_Btn.jsx
  Line 3:5:  Useless constructor  no-useless-constructor

./src/new_componenet/form/bath/bathbtn.jsx
  Line 3:5:  Useless constructor  no-useless-constructor

./src/App.jsx
  Line 3:8:  'logo' is defined but never used  no-unused-vars

./src/new_componenet/form/rooms/room_btn.jsx
  Line 4:5:  Useless constructor  no-useless-constructor

./src/new_componenet/form/price_btn/price_menue.jsx
  Line 5:5:  Useless constructor  no-useless-constructor

./src/new_componenet/header copy/headerr_left_side/nave-menue.jsx
  Line 63:46:  Expected '===' and instead saw '=='  eqeqeq

./src/new_componenet/header copy/header-icon.jsx
  Line 7:9:  img elements must have an alt prop, either with meaningful text, or an empty string for decorative images  jsx-a11y/alt-text

./src/new_componenet/gallary/heart.jsx
  Line 8:13:  img elements must have an alt prop, either with meaningful text, or an empty string for decorative images  jsx-a11y/alt-text
  Line 9:13:  img elements must have an alt prop, either with meaningful text, or an empty string for decorative images  jsx-a11y/alt-text

./src/new_componenet/single_page_apartment/single_page_apartment.jsx
  Line 93:51:   Unexpected string concatenation of literals                                                                no-useless-concat
  Line 145:41:  img elements must have an alt prop, either with meaningful text, or an empty string for decorative images  jsx-a11y/alt-text
  Line 157:35:  <iframe> elements must have a unique title property                                                        jsx-a11y/iframe-has-title
  Line 172:31:  Do not mutate state directly. Use setState()                                                               react/no-direct-mutation-state
  Line 178:35:  Do not mutate state directly. Use setState()                                                               react/no-direct-mutation-state
  Line 187:31:  Do not mutate state directly. Use setState()                                                               react/no-direct-mutation-state
  Line 190:29:  Do not mutate state directly. Use setState()                                                               react/no-direct-mutation-state
  Line 195:25:  img elements must have an alt prop, either with meaningful text, or an empty string for decorative images  jsx-a11y/alt-text
  Line 206:29:  Do not mutate state directly. Use setState()                                                               react/no-direct-mutation-state
  Line 212:33:  Do not mutate state directly. Use setState()                                                               react/no-direct-mutation-state
  Line 220:27:  Do not mutate state directly. Use setState()                                                               react/no-direct-mutation-state
  Line 222:27:  Do not mutate state directly. Use setState()                                                               react/no-direct-mutation-state
  Line 227:25:  img elements must have an alt prop, either with meaningful text, or an empty string for decorative images  jsx-a11y/alt-text

./src/new_componenet/gallary/gallary_img.jsx
  Line 9:13:  img elements must have an alt prop, either with meaningful text, or an empty string for decorative images  jsx-a11y/alt-text

Search for the keywords to learn more about each warning.
To ignore, add // eslint-disable-next-line to the line before.

